[debug] > Exec(early(addDefaultCommands), None, None)
[debug] > Exec(addDefaultCommands, None, None)
[debug] > Exec(early(initialize), None, None)
[debug] > Exec(initialize, None, None)
[debug] > Exec(early(addPluginSbtFile="""C:\Users\User\AppData\Local\Temp\idea.sbt"""), None, None)
[debug] > Exec(addPluginSbtFile="""C:\Users\User\AppData\Local\Temp\idea.sbt""", None, None)
[debug] > Exec(boot, None, None)
[debug] > Exec(writeSbtVersion, None, None)
[debug] > Exec(reload, None, None)
[debug] > Exec(sbtStashOnFailure, None, None)
[debug] > Exec(onFailure loadFailed, None, None)
[debug] > Exec(loadp, None, None)
[info] welcome to sbt 1.10.2 (Oracle Corporation Java 22.0.2)
[debug] Load.defaultLoad until apply took 109.6842ms
[debug]           Load.loadUnit: plugins took 122.9466ms
[debug]           Load.loadUnit: defsScala took 0.4623ms
[debug] [Loading] Scanning directory C:\Users\User\IdeaProjects\todolist\project
[debug]             Load.loadUnit: mkEval took 8.2311ms
[debug] [Loading] Found non-root projects 
[debug] [Loading] Done in C:\Users\User\IdeaProjects\todolist\project, returning: ()
[debug] deducing auto plugins based on known facts Set(Atom(sbt.plugins.CorePlugin)) and clauses Clauses(Clause(Atom(sbt.plugins.JvmPlugin),Set(Atom(sbt.plugins.IvyPlugin)))
[debug] Clause(Atom(sbt.ScriptedPlugin),Set(Atom(sbt.plugins.JvmPlugin)))
[debug] Clause(Atom(sbt.plugins.SbtPlugin),Set(Atom(sbt.ScriptedPlugin)))
[debug] Clause(Atom(sbt.plugins.SemanticdbPlugin),Set(Atom(sbt.plugins.JvmPlugin)))
[debug] Clause(Atom(sbt.plugins.JUnitXmlReportPlugin),Set(Atom(sbt.plugins.JvmPlugin)))
[debug] Clause(Atom(sbt.plugins.MiniDependencyTreePlugin),Set(Atom(sbt.plugins.JvmPlugin)))
[debug] Clause(Atom(sbt.plugins.CorePlugin),Set(Atom(sbt.plugins.IvyPlugin)))
[debug] Clause(Atom(sbt.plugins.IvyPlugin),Set(Atom(sbt.plugins.JvmPlugin)))
[debug] Clause(Atom(sbt.plugins.JvmPlugin),Set(Atom(sbt.plugins.SemanticdbPlugin)))
[debug] Clause(Atom(sbt.plugins.JvmPlugin),Set(Atom(sbt.plugins.JUnitXmlReportPlugin)))
[debug] Clause(Atom(sbt.plugins.CorePlugin),Set(Atom(sbt.plugins.Giter8TemplatePlugin)))
[debug] Clause(Atom(sbt.plugins.JvmPlugin),Set(Atom(sbt.plugins.MiniDependencyTreePlugin))))
[debug]   :: deduced result: Matched(sbt.plugins.CorePlugin,sbt.plugins.Giter8TemplatePlugin,sbt.plugins.IvyPlugin,sbt.plugins.JvmPlugin,sbt.plugins.MiniDependencyTreePlugin,sbt.plugins.JUnitXmlReportPlugin,sbt.plugins.SemanticdbPlugin)
[debug] Plugins.deducer#function took 20.1523 ms
[info] loading settings for project todolist-build from idea.sbt ...
[debug]               Load.resolveProject(todolist-build) took 75.647ms
[debug]             Load.loadTransitive: finalizeProject(Project(id todolist-build, base: C:\Users\User\IdeaProjects\todolist\project, plugins: List(<none>))) took 107.7578ms
[debug] [Loading] Done in C:\Users\User\IdeaProjects\todolist\project, returning: (todolist-build)
[debug]           Load.loadUnit: loadedProjectsRaw took 4034.4275ms
[debug]           Load.loadUnit: cleanEvalClasses took 11.895ms
[debug]         Load.loadUnit(file:/C:/Users/User/IdeaProjects/todolist/project/, ...) took 4177.8123ms
[debug]       Load.apply: load took 4413.6513ms
[debug]       Load.apply: resolveProjects took 8.6696ms
[debug]       Load.apply: finalTransforms took 101.7115ms
[debug]       Load.apply: config.delegates took 11.8671ms
[debug]       Load.apply: Def.make(settings)... took 667.9619ms
[debug]       Load.apply: structureIndex took 145.8536ms
[debug]       Load.apply: mkStreams took 1.6751ms
[info] loading project definition from C:\Users\User\IdeaProjects\todolist\project
[debug] Running task... Cancel: Signal, check cycles: false, forcegc: true
[debug]     Load.loadUnit: plugins took 8434.5913ms
[debug]     Load.loadUnit: defsScala took 0.0037ms
[debug] [Loading] Scanning directory C:\Users\User\IdeaProjects\todolist
[debug]       Load.loadUnit: mkEval took 0.3368ms
[debug] [Loading] Found root project root w/ remaining 
[debug] deducing auto plugins based on known facts Set(Atom(sbt.plugins.CorePlugin)) and clauses Clauses(Clause(Atom(sbt.plugins.JvmPlugin),Set(Atom(sbt.plugins.IvyPlugin)))
[debug] Clause(Atom(sbt.ScriptedPlugin),Set(Atom(sbt.plugins.JvmPlugin)))
[debug] Clause(Atom(sbt.plugins.SbtPlugin),Set(Atom(sbt.ScriptedPlugin)))
[debug] Clause(Atom(sbt.plugins.SemanticdbPlugin),Set(Atom(sbt.plugins.JvmPlugin)))
[debug] Clause(Atom(sbt.plugins.JUnitXmlReportPlugin),Set(Atom(sbt.plugins.JvmPlugin)))
[debug] Clause(Atom(sbt.plugins.MiniDependencyTreePlugin),Set(Atom(sbt.plugins.JvmPlugin)))
[debug] Clause(Atom(org.jetbrains.sbt.StructurePlugin),Set(Atom(sbt.plugins.JvmPlugin)))
[debug] Clause(Atom(org.jetbrains.sbt.IdeaShellPlugin),Set(Atom(sbt.plugins.JvmPlugin)))
[debug] Clause(Atom(sbt.plugins.CorePlugin),Set(Atom(sbt.plugins.IvyPlugin)))
[debug] Clause(Atom(sbt.plugins.IvyPlugin),Set(Atom(sbt.plugins.JvmPlugin)))
[debug] Clause(Atom(sbt.plugins.JvmPlugin),Set(Atom(sbt.plugins.SemanticdbPlugin)))
[debug] Clause(Atom(sbt.plugins.JvmPlugin),Set(Atom(sbt.plugins.JUnitXmlReportPlugin)))
[debug] Clause(Atom(sbt.plugins.CorePlugin),Set(Atom(sbt.plugins.Giter8TemplatePlugin)))
[debug] Clause(Atom(sbt.plugins.JvmPlugin),Set(Atom(sbt.plugins.MiniDependencyTreePlugin)))
[debug] Clause(Atom(sbt.plugins.JvmPlugin),Set(Atom(org.jetbrains.sbt.StructurePlugin)))
[debug] Clause(Atom(sbt.plugins.JvmPlugin),Set(Atom(org.jetbrains.sbt.IdeaShellPlugin))))
[debug]   :: deduced result: Matched(sbt.plugins.CorePlugin,sbt.plugins.Giter8TemplatePlugin,sbt.plugins.IvyPlugin,sbt.plugins.JvmPlugin,sbt.plugins.SemanticdbPlugin,sbt.plugins.JUnitXmlReportPlugin,org.jetbrains.sbt.IdeaShellPlugin,org.jetbrains.sbt.StructurePlugin,sbt.plugins.MiniDependencyTreePlugin)
[debug] Plugins.deducer#function took 4.6965 ms
[info] loading settings for project root from build.sbt ...
[debug]         Load.resolveProject(root) took 42.7326ms
[debug]       Load.loadTransitive: finalizeProject(Project(id root, base: C:\Users\User\IdeaProjects\todolist, plugins: List(<none>))) took 49.0209ms
[debug] [Loading] Done in C:\Users\User\IdeaProjects\todolist, returning: (root)
[debug]     Load.loadUnit: loadedProjectsRaw took 2486.0816ms
[debug]     Load.loadUnit: cleanEvalClasses took 35.8579ms
[debug]   Load.loadUnit(file:/C:/Users/User/IdeaProjects/todolist/, ...) took 10959.487ms
[debug] Load.apply: load took 10984.7437ms
[debug] Load.apply: resolveProjects took 0.239ms
[debug] Load.apply: finalTransforms took 57.8779ms
[debug] Load.apply: config.delegates took 0.5949ms
[debug] Load.apply: Def.make(settings)... took 171.3529ms
[debug] Load.apply: structureIndex took 56.0034ms
[debug] Load.apply: mkStreams took 0.0035ms
[info] set current project to todolist (in build file:/C:/Users/User/IdeaProjects/todolist/)
[debug] > Exec(sbtPopOnFailure, None, None)
[debug] > Exec(resumeFromFailure, None, None)
[debug] > Exec(notifyUsersAboutShell, None, None)
[debug] > Exec(iflast shell, None, None)
[debug] > Exec(idea-shell, None, None)
